<?xml version="1.0" encoding="UTF-8"?>
<testng-results skipped="0" failed="0" ignored="0" total="1" passed="1">
  <reporter-output>
  </reporter-output>
  <suite name="Default suite" duration-ms="11640" started-at="2020-12-15T14:35:10 WEST" finished-at="2020-12-15T14:35:21 WEST">
    <groups>
    </groups>
    <test name="Default test" duration-ms="11640" started-at="2020-12-15T14:35:10 WEST" finished-at="2020-12-15T14:35:21 WEST">
      <class name="com.crm.qa.testcases.LoginPageTest">
        <test-method status="PASS" signature="setUp()[pri:0, instance:com.crm.qa.testcases.LoginPageTest@ea1a8d5]" name="setUp" is-config="true" duration-ms="8330" started-at="2020-12-15T14:35:10 WEST" finished-at="2020-12-15T14:35:18 WEST">
          <reporter-output>
          </reporter-output>
        </test-method> <!-- setUp -->
        <test-method status="PASS" signature="loginTest()[pri:1, instance:com.crm.qa.testcases.LoginPageTest@ea1a8d5]" name="loginTest" duration-ms="3257" started-at="2020-12-15T14:35:18 WEST" finished-at="2020-12-15T14:35:21 WEST">
          <reporter-output>
          </reporter-output>
        </test-method> <!-- loginTest -->
      </class> <!-- com.crm.qa.testcases.LoginPageTest -->
    </test> <!-- Default test -->
  </suite> <!-- Default suite -->
</testng-results>
